<?xml version="1.0" ?>
<coverage branch-rate="0.697" branches-covered="115" branches-valid="165" complexity="0" line-rate="0.8827" lines-covered="617" lines-valid="699" timestamp="1552668138560" version="4.5.3">
	<!-- Generated by coverage.py: https://coverage.readthedocs.io -->
	<!-- Based on https://raw.githubusercontent.com/cobertura/web/master/htdocs/xml/coverage-04.dtd -->
	<sources>
		<source>/Users/Julien/git/sandbox/django_stack_it</source>
	</sources>
	<packages>
		<package branch-rate="0.5" complexity="0" line-rate="1" name=".">
			<classes>
				<class branch-rate="0.5" complexity="0" filename="manage.py" line-rate="1" name="manage.py">
					<methods/>
					<lines>
						<line hits="1" number="3"/>
						<line hits="1" number="5"/>
						<line hits="1" number="6"/>
						<line branch="true" condition-coverage="50% (1/2)" hits="1" missing-branches="exit" number="8"/>
						<line hits="1" number="9"/>
						<line hits="1" number="10"/>
						<line hits="1" number="12"/>
					</lines>
				</class>
			</classes>
		</package>
		<package branch-rate="1" complexity="0" line-rate="1" name="stack_it">
			<classes>
				<class branch-rate="1" complexity="0" filename="stack_it/__init__.py" line-rate="1" name="__init__.py">
					<methods/>
					<lines>
						<line hits="1" number="1"/>
					</lines>
				</class>
				<class branch-rate="1" complexity="0" filename="stack_it/models.py" line-rate="1" name="models.py">
					<methods/>
					<lines>
						<line hits="1" number="1"/>
						<line hits="1" number="2"/>
						<line hits="1" number="3"/>
						<line hits="1" number="4"/>
					</lines>
				</class>
				<class branch-rate="1" complexity="0" filename="stack_it/translation.py" line-rate="1" name="translation.py">
					<methods/>
					<lines>
						<line hits="1" number="1"/>
						<line hits="1" number="2"/>
						<line hits="1" number="3"/>
						<line hits="1" number="6"/>
						<line hits="1" number="7"/>
						<line hits="1" number="13"/>
					</lines>
				</class>
			</classes>
		</package>
		<package branch-rate="1" complexity="0" line-rate="1" name="stack_it.blocks">
			<classes>
				<class branch-rate="1" complexity="0" filename="stack_it/blocks/__init__.py" line-rate="1" name="__init__.py">
					<methods/>
					<lines/>
				</class>
			</classes>
		</package>
		<package branch-rate="0.8333" complexity="0" line-rate="1" name="stack_it.contents">
			<classes>
				<class branch-rate="1" complexity="0" filename="stack_it/contents/__init__.py" line-rate="1" name="__init__.py">
					<methods/>
					<lines/>
				</class>
				<class branch-rate="0.8333" complexity="0" filename="stack_it/contents/abstracts.py" line-rate="1" name="abstracts.py">
					<methods/>
					<lines>
						<line hits="1" number="5"/>
						<line hits="1" number="6"/>
						<line hits="1" number="7"/>
						<line hits="1" number="8"/>
						<line hits="1" number="9"/>
						<line hits="1" number="10"/>
						<line hits="1" number="11"/>
						<line hits="1" number="12"/>
						<line hits="1" number="15"/>
						<line hits="1" number="36"/>
						<line hits="1" number="37"/>
						<line hits="1" number="39"/>
						<line hits="1" number="43"/>
						<line hits="1" number="44"/>
						<line hits="1" number="46"/>
						<line hits="1" number="47"/>
						<line hits="1" number="50"/>
						<line hits="1" number="62"/>
						<line hits="1" number="64"/>
						<line hits="1" number="65"/>
						<line hits="1" number="68"/>
						<line hits="1" number="85"/>
						<line hits="1" number="86"/>
						<line hits="1" number="88"/>
						<line hits="1" number="89"/>
						<line hits="1" number="91"/>
						<line hits="1" number="92"/>
						<line hits="1" number="94"/>
						<line hits="1" number="98"/>
						<line hits="1" number="99"/>
						<line hits="1" number="100"/>
						<line hits="1" number="102"/>
						<line branch="true" condition-coverage="100% (2/2)" hits="1" number="110"/>
						<line hits="1" number="112"/>
						<line hits="1" number="114"/>
						<line hits="1" number="116"/>
						<line hits="1" number="118"/>
						<line hits="1" number="121"/>
						<line hits="1" number="134"/>
						<line hits="1" number="137"/>
						<line hits="1" number="138"/>
						<line hits="1" number="141"/>
						<line hits="1" number="156"/>
						<line hits="1" number="157"/>
						<line hits="1" number="159"/>
						<line hits="1" number="160"/>
						<line hits="1" number="162"/>
						<line hits="1" number="164"/>
						<line hits="1" number="165"/>
						<line hits="1" number="166"/>
						<line hits="1" number="167"/>
						<line hits="1" number="168"/>
						<line hits="1" number="170"/>
						<line branch="true" condition-coverage="100% (2/2)" hits="1" number="172"/>
						<line hits="1" number="174"/>
						<line hits="1" number="175"/>
						<line hits="1" number="176"/>
						<line branch="true" condition-coverage="50% (1/2)" hits="1" missing-branches="180" number="177"/>
						<line hits="1" number="178"/>
						<line hits="1" number="179"/>
						<line hits="1" number="180"/>
						<line hits="1" number="181"/>
					</lines>
				</class>
			</classes>
		</package>
		<package branch-rate="1" complexity="0" line-rate="1" name="stack_it.contents.models">
			<classes>
				<class branch-rate="1" complexity="0" filename="stack_it/contents/models/__init__.py" line-rate="1" name="__init__.py">
					<methods/>
					<lines>
						<line hits="1" number="1"/>
						<line hits="1" number="8"/>
					</lines>
				</class>
				<class branch-rate="1" complexity="0" filename="stack_it/contents/models/pages.py" line-rate="1" name="pages.py">
					<methods/>
					<lines>
						<line hits="1" number="1"/>
						<line hits="1" number="2"/>
						<line hits="1" number="3"/>
						<line hits="1" number="12"/>
						<line hits="1" number="22"/>
						<line hits="1" number="24"/>
						<line hits="1" number="25"/>
						<line hits="1" number="26"/>
						<line hits="1" number="27"/>
						<line hits="1" number="30"/>
						<line hits="1" number="38"/>
						<line hits="1" number="39"/>
						<line hits="1" number="40"/>
						<line hits="1" number="43"/>
						<line hits="1" number="51"/>
						<line hits="1" number="52"/>
						<line hits="1" number="53"/>
						<line hits="1" number="56"/>
						<line hits="1" number="64"/>
						<line hits="1" number="65"/>
						<line hits="1" number="66"/>
						<line hits="1" number="69"/>
						<line hits="1" number="77"/>
						<line hits="1" number="78"/>
						<line hits="1" number="79"/>
					</lines>
				</class>
				<class branch-rate="1" complexity="0" filename="stack_it/contents/models/templates.py" line-rate="1" name="templates.py">
					<methods/>
					<lines>
						<line hits="1" number="1"/>
						<line hits="1" number="2"/>
						<line hits="1" number="3"/>
						<line hits="1" number="12"/>
						<line hits="1" number="23"/>
						<line hits="1" number="25"/>
						<line hits="1" number="27"/>
						<line hits="1" number="28"/>
						<line hits="1" number="29"/>
						<line hits="1" number="32"/>
						<line hits="1" number="40"/>
						<line hits="1" number="41"/>
						<line hits="1" number="42"/>
						<line hits="1" number="45"/>
						<line hits="1" number="53"/>
						<line hits="1" number="54"/>
						<line hits="1" number="55"/>
						<line hits="1" number="58"/>
						<line hits="1" number="66"/>
						<line hits="1" number="67"/>
						<line hits="1" number="68"/>
						<line hits="1" number="71"/>
						<line hits="1" number="79"/>
						<line hits="1" number="80"/>
						<line hits="1" number="81"/>
					</lines>
				</class>
			</classes>
		</package>
		<package branch-rate="0.875" complexity="0" line-rate="0.9464" name="stack_it.images">
			<classes>
				<class branch-rate="1" complexity="0" filename="stack_it/images/__init__.py" line-rate="1" name="__init__.py">
					<methods/>
					<lines/>
				</class>
				<class branch-rate="1" complexity="0" filename="stack_it/images/mixins.py" line-rate="1" name="mixins.py">
					<methods/>
					<lines>
						<line hits="1" number="1"/>
						<line hits="1" number="2"/>
						<line hits="1" number="5"/>
						<line hits="1" number="15"/>
						<line hits="1" number="16"/>
						<line hits="1" number="17"/>
						<line hits="1" number="19"/>
						<line hits="1" number="20"/>
						<line hits="1" number="22"/>
						<line hits="1" number="31"/>
						<line branch="true" condition-coverage="100% (2/2)" hits="1" number="32"/>
						<line branch="true" condition-coverage="100% (2/2)" hits="1" number="33"/>
						<line hits="1" number="34"/>
						<line hits="1" number="36"/>
					</lines>
				</class>
				<class branch-rate="0.75" complexity="0" filename="stack_it/images/models.py" line-rate="0.9286" name="models.py">
					<methods/>
					<lines>
						<line hits="1" number="3"/>
						<line hits="1" number="4"/>
						<line hits="1" number="5"/>
						<line hits="1" number="7"/>
						<line hits="1" number="8"/>
						<line hits="1" number="9"/>
						<line hits="1" number="10"/>
						<line hits="1" number="11"/>
						<line hits="1" number="12"/>
						<line hits="1" number="13"/>
						<line hits="1" number="14"/>
						<line hits="1" number="15"/>
						<line hits="1" number="16"/>
						<line hits="1" number="19"/>
						<line hits="1" number="31"/>
						<line hits="1" number="32"/>
						<line hits="1" number="33"/>
						<line branch="true" condition-coverage="100% (2/2)" hits="1" number="37"/>
						<line hits="1" number="38"/>
						<line hits="1" number="40"/>
						<line hits="1" number="41"/>
						<line hits="1" number="43"/>
						<line hits="1" number="50"/>
						<line hits="1" number="51"/>
						<line hits="1" number="52"/>
						<line hits="1" number="54"/>
						<line hits="0" number="55"/>
						<line hits="1" number="57"/>
						<line hits="0" number="59"/>
						<line hits="1" number="61"/>
						<line hits="1" number="65"/>
						<line branch="true" condition-coverage="50% (1/2)" hits="1" missing-branches="exit" number="66"/>
						<line hits="1" number="67"/>
						<line hits="1" number="69"/>
						<line hits="1" number="70"/>
						<line hits="1" number="82"/>
						<line hits="1" number="83"/>
						<line hits="1" number="84"/>
						<line hits="1" number="85"/>
						<line hits="1" number="86"/>
						<line hits="1" number="88"/>
						<line hits="0" number="90"/>
					</lines>
				</class>
			</classes>
		</package>
		<package branch-rate="1" complexity="0" line-rate="0.9286" name="stack_it.menus">
			<classes>
				<class branch-rate="1" complexity="0" filename="stack_it/menus/__init__.py" line-rate="1" name="__init__.py">
					<methods/>
					<lines/>
				</class>
				<class branch-rate="1" complexity="0" filename="stack_it/menus/models.py" line-rate="0.9286" name="models.py">
					<methods/>
					<lines>
						<line hits="1" number="1"/>
						<line hits="1" number="2"/>
						<line hits="1" number="3"/>
						<line hits="1" number="5"/>
						<line hits="1" number="6"/>
						<line hits="1" number="9"/>
						<line hits="1" number="10"/>
						<line hits="1" number="11"/>
						<line hits="1" number="13"/>
						<line hits="1" number="18"/>
						<line hits="1" number="19"/>
						<line hits="1" number="20"/>
						<line hits="1" number="22"/>
						<line hits="0" number="23"/>
					</lines>
				</class>
			</classes>
		</package>
		<package branch-rate="1" complexity="0" line-rate="1" name="stack_it.migrations">
			<classes>
				<class branch-rate="1" complexity="0" filename="stack_it/migrations/0001_initial.py" line-rate="1" name="0001_initial.py">
					<methods/>
					<lines>
						<line hits="1" number="3"/>
						<line hits="1" number="4"/>
						<line hits="1" number="5"/>
						<line hits="1" number="6"/>
						<line hits="1" number="7"/>
						<line hits="1" number="8"/>
						<line hits="1" number="9"/>
						<line hits="1" number="12"/>
						<line hits="1" number="14"/>
						<line hits="1" number="16"/>
						<line hits="1" number="21"/>
					</lines>
				</class>
				<class branch-rate="1" complexity="0" filename="stack_it/migrations/0002_auto_20190315_0810.py" line-rate="1" name="0002_auto_20190315_0810.py">
					<methods/>
					<lines>
						<line hits="1" number="3"/>
						<line hits="1" number="6"/>
						<line hits="1" number="8"/>
						<line hits="1" number="12"/>
					</lines>
				</class>
				<class branch-rate="1" complexity="0" filename="stack_it/migrations/__init__.py" line-rate="1" name="__init__.py">
					<methods/>
					<lines/>
				</class>
			</classes>
		</package>
		<package branch-rate="0.8" complexity="0" line-rate="0.9032" name="stack_it.pages">
			<classes>
				<class branch-rate="1" complexity="0" filename="stack_it/pages/__init__.py" line-rate="1" name="__init__.py">
					<methods/>
					<lines/>
				</class>
				<class branch-rate="1" complexity="0" filename="stack_it/pages/managers.py" line-rate="0.9333" name="managers.py">
					<methods/>
					<lines>
						<line hits="1" number="1"/>
						<line hits="1" number="2"/>
						<line hits="1" number="3"/>
						<line hits="1" number="4"/>
						<line hits="1" number="5"/>
						<line hits="1" number="8"/>
						<line hits="1" number="16"/>
						<line hits="1" number="23"/>
						<line hits="1" number="25"/>
						<line branch="true" condition-coverage="100% (2/2)" hits="1" number="31"/>
						<line hits="1" number="32"/>
						<line hits="1" number="37"/>
						<line hits="1" number="49"/>
						<line hits="0" number="50"/>
						<line hits="1" number="51"/>
					</lines>
				</class>
				<class branch-rate="0.75" complexity="0" filename="stack_it/pages/models.py" line-rate="0.8936" name="models.py">
					<methods/>
					<lines>
						<line hits="1" number="1"/>
						<line hits="1" number="2"/>
						<line hits="1" number="3"/>
						<line hits="1" number="4"/>
						<line hits="1" number="5"/>
						<line hits="1" number="6"/>
						<line hits="1" number="7"/>
						<line hits="1" number="8"/>
						<line hits="1" number="11"/>
						<line hits="1" number="30"/>
						<line hits="1" number="31"/>
						<line hits="1" number="32"/>
						<line hits="1" number="33"/>
						<line hits="1" number="35"/>
						<line hits="1" number="36"/>
						<line hits="1" number="37"/>
						<line hits="1" number="41"/>
						<line hits="1" number="42"/>
						<line hits="1" number="43"/>
						<line hits="1" number="44"/>
						<line hits="1" number="45"/>
						<line hits="1" number="46"/>
						<line hits="1" number="47"/>
						<line hits="1" number="48"/>
						<line hits="1" number="49"/>
						<line hits="1" number="51"/>
						<line hits="1" number="52"/>
						<line hits="1" number="53"/>
						<line hits="1" number="55"/>
						<line hits="0" number="56"/>
						<line hits="1" number="58"/>
						<line hits="1" number="59"/>
						<line hits="1" number="60"/>
						<line hits="1" number="62"/>
						<line hits="1" number="63"/>
						<line branch="true" condition-coverage="50% (1/2)" hits="1" missing-branches="67" number="65"/>
						<line hits="1" number="66"/>
						<line branch="true" condition-coverage="100% (2/2)" hits="1" number="67"/>
						<line branch="true" condition-coverage="50% (1/2)" hits="1" missing-branches="71" number="69"/>
						<line hits="1" number="70"/>
						<line branch="true" condition-coverage="100% (2/2)" hits="1" number="71"/>
						<line hits="1" number="73"/>
						<line hits="0" number="80"/>
						<line hits="0" number="81"/>
						<line hits="0" number="82"/>
						<line hits="1" number="84"/>
						<line hits="0" number="85"/>
					</lines>
				</class>
			</classes>
		</package>
		<package branch-rate="0.7895" complexity="0" line-rate="0.8646" name="stack_it.seo">
			<classes>
				<class branch-rate="1" complexity="0" filename="stack_it/seo/__init__.py" line-rate="1" name="__init__.py">
					<methods/>
					<lines/>
				</class>
				<class branch-rate="0.7895" complexity="0" filename="stack_it/seo/mixins.py" line-rate="0.8646" name="mixins.py">
					<methods/>
					<lines>
						<line hits="1" number="1"/>
						<line hits="1" number="2"/>
						<line hits="1" number="3"/>
						<line hits="1" number="4"/>
						<line hits="1" number="5"/>
						<line hits="1" number="6"/>
						<line hits="1" number="7"/>
						<line hits="1" number="8"/>
						<line hits="1" number="9"/>
						<line hits="1" number="12"/>
						<line hits="1" number="17"/>
						<line hits="1" number="18"/>
						<line hits="1" number="21"/>
						<line hits="1" number="41"/>
						<line hits="1" number="42"/>
						<line hits="1" number="43"/>
						<line hits="1" number="44"/>
						<line hits="1" number="45"/>
						<line hits="1" number="46"/>
						<line hits="1" number="47"/>
						<line hits="1" number="50"/>
						<line hits="1" number="52"/>
						<line hits="1" number="53"/>
						<line hits="1" number="55"/>
						<line hits="1" number="69"/>
						<line hits="1" number="70"/>
						<line hits="1" number="72"/>
						<line hits="1" number="73"/>
						<line hits="1" number="74"/>
						<line hits="1" number="75"/>
						<line branch="true" condition-coverage="100% (2/2)" hits="1" number="76"/>
						<line hits="1" number="77"/>
						<line hits="1" number="78"/>
						<line hits="1" number="80"/>
						<line hits="1" number="91"/>
						<line branch="true" condition-coverage="50% (1/2)" hits="1" missing-branches="95" number="92"/>
						<line hits="1" number="93"/>
						<line hits="0" number="95"/>
						<line hits="1" number="98"/>
						<line hits="0" number="112"/>
						<line branch="true" condition-coverage="0% (0/2)" hits="0" missing-branches="114,117" number="113"/>
						<line hits="0" number="114"/>
						<line hits="0" number="115"/>
						<line hits="0" number="117"/>
						<line hits="1" number="120"/>
						<line branch="true" condition-coverage="100% (2/2)" hits="1" number="128"/>
						<line hits="1" number="130"/>
						<line hits="1" number="131"/>
						<line hits="1" number="132"/>
						<line branch="true" condition-coverage="100% (2/2)" hits="1" number="133"/>
						<line hits="1" number="134"/>
						<line branch="true" condition-coverage="100% (2/2)" hits="1" number="135"/>
						<line hits="1" number="136"/>
						<line hits="1" number="139"/>
						<line branch="true" condition-coverage="50% (1/2)" hits="1" missing-branches="151" number="150"/>
						<line hits="0" number="151"/>
						<line branch="true" condition-coverage="100% (2/2)" hits="1" number="154"/>
						<line hits="1" number="156"/>
						<line hits="1" number="157"/>
						<line hits="1" number="158"/>
						<line branch="true" condition-coverage="100% (2/2)" hits="1" number="160"/>
						<line hits="1" number="161"/>
						<line hits="1" number="163"/>
						<line hits="1" number="172"/>
						<line hits="1" number="173"/>
						<line branch="true" condition-coverage="100% (2/2)" hits="1" number="174"/>
						<line hits="1" number="175"/>
						<line hits="1" number="176"/>
						<line hits="1" number="177"/>
						<line branch="true" condition-coverage="100% (2/2)" hits="1" number="178"/>
						<line hits="1" number="179"/>
						<line hits="1" number="180"/>
						<line branch="true" condition-coverage="100% (2/2)" hits="1" number="182"/>
						<line branch="true" condition-coverage="100% (2/2)" hits="1" number="183"/>
						<line branch="true" condition-coverage="100% (2/2)" hits="1" number="186"/>
						<line hits="1" number="187"/>
						<line branch="true" condition-coverage="50% (1/2)" hits="1" missing-branches="190" number="189"/>
						<line hits="0" number="190"/>
						<line branch="true" condition-coverage="50% (1/2)" hits="1" missing-branches="192" number="191"/>
						<line branch="true" condition-coverage="0% (0/2)" hits="0" missing-branches="exit,194" number="192"/>
						<line hits="0" number="194"/>
						<line hits="0" number="195"/>
						<line hits="1" number="197"/>
						<line hits="1" number="208"/>
						<line branch="true" condition-coverage="100% (2/2)" hits="1" number="209"/>
						<line hits="1" number="210"/>
						<line hits="1" number="212"/>
						<line hits="1" number="214"/>
						<line hits="1" number="216"/>
						<line branch="true" condition-coverage="100% (2/2)" hits="1" number="223"/>
						<line hits="1" number="224"/>
						<line hits="1" number="225"/>
						<line hits="1" number="226"/>
						<line hits="0" number="227"/>
						<line hits="0" number="228"/>
						<line hits="1" number="230"/>
					</lines>
				</class>
			</classes>
		</package>
		<package branch-rate="0.3" complexity="0" line-rate="0.6829" name="stack_it.templatetags">
			<classes>
				<class branch-rate="1" complexity="0" filename="stack_it/templatetags/__init__.py" line-rate="1" name="__init__.py">
					<methods/>
					<lines/>
				</class>
				<class branch-rate="0.5" complexity="0" filename="stack_it/templatetags/content_tags.py" line-rate="0.8077" name="content_tags.py">
					<methods/>
					<lines>
						<line hits="1" number="1"/>
						<line hits="1" number="2"/>
						<line hits="1" number="3"/>
						<line hits="1" number="9"/>
						<line hits="1" number="11"/>
						<line hits="1" number="12"/>
						<line hits="1" number="15"/>
						<line hits="1" number="16"/>
						<line hits="1" number="17"/>
						<line hits="1" number="20"/>
						<line hits="1" number="22"/>
						<line hits="1" number="23"/>
						<line hits="1" number="24"/>
						<line hits="1" number="25"/>
						<line hits="0" number="26"/>
						<line hits="0" number="27"/>
						<line branch="true" condition-coverage="50% (1/2)" hits="1" missing-branches="32" number="31"/>
						<line hits="0" number="32"/>
						<line hits="1" number="34"/>
						<line branch="true" condition-coverage="50% (1/2)" hits="1" missing-branches="37" number="36"/>
						<line hits="0" number="37"/>
						<line hits="1" number="39"/>
						<line branch="true" condition-coverage="50% (1/2)" hits="1" missing-branches="42" number="41"/>
						<line hits="0" number="42"/>
						<line hits="1" number="44"/>
						<line hits="1" number="46"/>
					</lines>
				</class>
				<class branch-rate="0" complexity="0" filename="stack_it/templatetags/stack_it_admin.py" line-rate="0.4667" name="stack_it_admin.py">
					<methods/>
					<lines>
						<line hits="1" number="1"/>
						<line hits="1" number="2"/>
						<line hits="1" number="3"/>
						<line hits="1" number="4"/>
						<line hits="1" number="5"/>
						<line hits="1" number="8"/>
						<line hits="0" number="13"/>
						<line hits="0" number="14"/>
						<line branch="true" condition-coverage="0% (0/2)" hits="0" missing-branches="16,18" number="15"/>
						<line branch="true" condition-coverage="0% (0/2)" hits="0" missing-branches="15,17" number="16"/>
						<line hits="0" number="17"/>
						<line hits="0" number="18"/>
						<line hits="0" number="19"/>
						<line hits="1" number="27"/>
						<line hits="0" number="29"/>
					</lines>
				</class>
			</classes>
		</package>
		<package branch-rate="0.9512" complexity="0" line-rate="0.9608" name="stack_it.utils">
			<classes>
				<class branch-rate="1" complexity="0" filename="stack_it/utils/__init__.py" line-rate="1" name="__init__.py">
					<methods/>
					<lines>
						<line hits="1" number="1"/>
						<line hits="1" number="2"/>
					</lines>
				</class>
				<class branch-rate="1" complexity="0" filename="stack_it/utils/image_processors.py" line-rate="1" name="image_processors.py">
					<methods/>
					<lines>
						<line hits="1" number="1"/>
						<line hits="1" number="2"/>
						<line hits="1" number="3"/>
						<line hits="1" number="6"/>
						<line hits="1" number="7"/>
						<line hits="1" number="8"/>
						<line hits="1" number="10"/>
						<line hits="1" number="12"/>
						<line hits="1" number="13"/>
						<line hits="1" number="16"/>
					</lines>
				</class>
				<class branch-rate="1" complexity="0" filename="stack_it/utils/strings.py" line-rate="0.9375" name="strings.py">
					<methods/>
					<lines>
						<line hits="1" number="7"/>
						<line hits="1" number="10"/>
						<line hits="1" number="18"/>
						<line branch="true" condition-coverage="100% (2/2)" hits="1" number="19"/>
						<line hits="1" number="20"/>
						<line branch="true" condition-coverage="100% (2/2)" hits="1" number="21"/>
						<line hits="1" number="24"/>
						<line hits="1" number="33"/>
						<line branch="true" condition-coverage="100% (2/2)" hits="1" number="34"/>
						<line hits="1" number="35"/>
						<line hits="1" number="36"/>
						<line hits="1" number="39"/>
						<line hits="1" number="48"/>
						<line hits="1" number="51"/>
						<line hits="1" number="59"/>
						<line hits="1" number="62"/>
						<line hits="1" number="70"/>
						<line hits="1" number="73"/>
						<line hits="1" number="81"/>
						<line branch="true" condition-coverage="100% (2/2)" hits="1" number="82"/>
						<line hits="1" number="83"/>
						<line hits="1" number="84"/>
						<line hits="1" number="87"/>
						<line hits="0" number="95"/>
						<line hits="0" number="97"/>
						<line hits="1" number="101"/>
						<line hits="1" number="109"/>
						<line hits="1" number="110"/>
						<line branch="true" condition-coverage="100% (2/2)" hits="1" number="111"/>
						<line hits="1" number="112"/>
						<line branch="true" condition-coverage="100% (2/2)" hits="1" number="113"/>
						<line hits="1" number="119"/>
						<line hits="1" number="128"/>
						<line branch="true" condition-coverage="100% (2/2)" hits="1" number="129"/>
						<line hits="1" number="130"/>
						<line branch="true" condition-coverage="100% (2/2)" hits="1" number="131"/>
						<line hits="1" number="134"/>
						<line hits="1" number="143"/>
						<line hits="1" number="146"/>
						<line hits="0" number="155"/>
						<line hits="1" number="158"/>
						<line branch="true" condition-coverage="100% (2/2)" hits="1" number="168"/>
						<line hits="1" number="173"/>
						<line hits="1" number="181"/>
						<line hits="1" number="184"/>
						<line hits="1" number="192"/>
						<line hits="1" number="195"/>
						<line hits="1" number="203"/>
					</lines>
				</class>
				<class branch-rate="0.8824" complexity="0" filename="stack_it/utils/templates.py" line-rate="0.9615" name="templates.py">
					<methods/>
					<lines>
						<line hits="1" number="1"/>
						<line hits="1" number="2"/>
						<line hits="1" number="3"/>
						<line hits="1" number="6"/>
						<line hits="1" number="8"/>
						<line hits="1" number="9"/>
						<line hits="1" number="10"/>
						<line hits="1" number="12"/>
						<line branch="true" condition-coverage="100% (2/2)" hits="1" number="14"/>
						<line hits="1" number="15"/>
						<line branch="true" condition-coverage="50% (1/2)" hits="1" missing-branches="17" number="16"/>
						<line hits="0" number="17"/>
						<line hits="1" number="19"/>
						<line hits="1" number="21"/>
						<line hits="1" number="23"/>
						<line branch="true" condition-coverage="100% (2/2)" hits="1" number="25"/>
						<line branch="true" condition-coverage="100% (2/2)" hits="1" number="26"/>
						<line hits="1" number="27"/>
						<line branch="true" condition-coverage="50% (1/2)" hits="1" missing-branches="exit" number="28"/>
						<line branch="true" condition-coverage="100% (3/3)" hits="1" number="29"/>
						<line branch="true" condition-coverage="100% (2/2)" hits="1" number="30"/>
						<line hits="1" number="32"/>
						<line hits="1" number="33"/>
						<line branch="true" condition-coverage="100% (2/2)" hits="1" number="34"/>
						<line hits="1" number="35"/>
						<line hits="1" number="36"/>
					</lines>
				</class>
				<class branch-rate="1" complexity="0" filename="stack_it/utils/validators.py" line-rate="1" name="validators.py">
					<methods/>
					<lines>
						<line hits="1" number="1"/>
						<line hits="1" number="2"/>
						<line hits="1" number="3"/>
						<line hits="1" number="4"/>
						<line hits="1" number="7"/>
						<line hits="1" number="8"/>
						<line hits="1" number="9"/>
						<line branch="true" condition-coverage="100% (2/2)" hits="1" number="10"/>
						<line hits="1" number="11"/>
						<line hits="1" number="13"/>
						<line hits="1" number="19"/>
						<line hits="1" number="20"/>
						<line branch="true" condition-coverage="100% (2/2)" hits="1" number="21"/>
						<line branch="true" condition-coverage="100% (2/2)" hits="1" number="22"/>
						<line hits="1" number="23"/>
						<line hits="1" number="25"/>
					</lines>
				</class>
			</classes>
		</package>
		<package branch-rate="0.75" complexity="0" line-rate="0.9344" name="stack_it.utils.models">
			<classes>
				<class branch-rate="1" complexity="0" filename="stack_it/utils/models/__init__.py" line-rate="1" name="__init__.py">
					<methods/>
					<lines>
						<line hits="1" number="1"/>
					</lines>
				</class>
				<class branch-rate="0.75" complexity="0" filename="stack_it/utils/models/mixins.py" line-rate="0.9333" name="mixins.py">
					<methods/>
					<lines>
						<line hits="1" number="3"/>
						<line hits="1" number="4"/>
						<line hits="0" number="5"/>
						<line branch="true" condition-coverage="0% (0/2)" hits="0" missing-branches="exit,7" number="6"/>
						<line hits="1" number="7"/>
						<line hits="1" number="8"/>
						<line hits="1" number="9"/>
						<line hits="1" number="10"/>
						<line hits="1" number="13"/>
						<line hits="1" number="14"/>
						<line hits="1" number="15"/>
						<line hits="1" number="16"/>
						<line branch="true" condition-coverage="100% (2/2)" hits="1" number="17"/>
						<line hits="1" number="18"/>
						<line hits="1" number="21"/>
						<line hits="1" number="28"/>
						<line hits="1" number="29"/>
						<line hits="1" number="31"/>
						<line hits="1" number="40"/>
						<line hits="1" number="41"/>
						<line hits="1" number="42"/>
						<line hits="1" number="45"/>
						<line hits="1" number="46"/>
						<line hits="1" number="47"/>
						<line hits="1" number="50"/>
						<line branch="true" condition-coverage="50% (1/2)" hits="1" missing-branches="53" number="51"/>
						<line hits="1" number="52"/>
						<line hits="0" number="53"/>
						<line hits="1" number="56"/>
						<line hits="1" number="61"/>
						<line hits="1" number="62"/>
						<line hits="1" number="64"/>
						<line branch="true" condition-coverage="50% (1/2)" hits="1" missing-branches="69" number="66"/>
						<line hits="1" number="67"/>
						<line hits="0" number="69"/>
						<line hits="1" number="70"/>
						<line hits="1" number="72"/>
						<line branch="true" condition-coverage="100% (2/2)" hits="1" number="94"/>
						<line hits="1" number="100"/>
						<line branch="true" condition-coverage="100% (2/2)" hits="1" number="115"/>
						<line hits="1" number="117"/>
						<line hits="1" number="131"/>
						<line hits="1" number="133"/>
						<line hits="1" number="146"/>
						<line hits="1" number="148"/>
						<line hits="1" number="163"/>
						<line branch="true" condition-coverage="100% (2/2)" hits="1" number="164"/>
						<line hits="1" number="165"/>
						<line hits="1" number="166"/>
						<line hits="1" number="167"/>
						<line hits="1" number="169"/>
						<line hits="1" number="181"/>
						<line hits="1" number="182"/>
						<line hits="1" number="183"/>
						<line hits="1" number="185"/>
						<line hits="1" number="197"/>
						<line hits="1" number="198"/>
						<line hits="1" number="199"/>
						<line hits="1" number="201"/>
						<line branch="true" condition-coverage="100% (2/2)" hits="1" number="216"/>
					</lines>
				</class>
			</classes>
		</package>
		<package branch-rate="1" complexity="0" line-rate="1" name="stack_it.utils.templatetags">
			<classes>
				<class branch-rate="1" complexity="0" filename="stack_it/utils/templatetags/__init__.py" line-rate="1" name="__init__.py">
					<methods/>
					<lines/>
				</class>
				<class branch-rate="1" complexity="0" filename="stack_it/utils/templatetags/node_mixin.py" line-rate="1" name="node_mixin.py">
					<methods/>
					<lines>
						<line hits="1" number="1"/>
						<line hits="1" number="2"/>
						<line hits="1" number="3"/>
						<line hits="1" number="6"/>
						<line hits="1" number="7"/>
						<line hits="1" number="10"/>
						<line hits="1" number="11"/>
						<line hits="1" number="12"/>
						<line hits="1" number="13"/>
						<line hits="1" number="15"/>
						<line hits="1" number="16"/>
						<line hits="1" number="17"/>
						<line hits="1" number="18"/>
						<line hits="1" number="19"/>
						<line hits="1" number="20"/>
						<line hits="1" number="21"/>
						<line hits="1" number="22"/>
						<line hits="1" number="23"/>
						<line hits="1" number="24"/>
						<line hits="1" number="25"/>
						<line hits="1" number="27"/>
						<line hits="1" number="35"/>
						<line hits="1" number="39"/>
						<line hits="1" number="40"/>
						<line hits="1" number="41"/>
						<line hits="1" number="43"/>
						<line hits="1" number="44"/>
						<line hits="1" number="45"/>
						<line branch="true" condition-coverage="100% (2/2)" hits="1" number="46"/>
						<line hits="1" number="47"/>
						<line branch="true" condition-coverage="100% (2/2)" hits="1" number="49"/>
						<line branch="true" condition-coverage="100% (2/2)" hits="1" number="51"/>
						<line hits="1" number="52"/>
						<line hits="1" number="53"/>
						<line hits="1" number="54"/>
						<line hits="1" number="55"/>
						<line hits="1" number="56"/>
						<line hits="1" number="57"/>
						<line hits="1" number="58"/>
						<line hits="1" number="59"/>
						<line hits="1" number="61"/>
						<line hits="1" number="63"/>
						<line hits="1" number="64"/>
						<line branch="true" condition-coverage="100% (2/2)" hits="1" number="65"/>
						<line hits="1" number="66"/>
						<line hits="1" number="72"/>
					</lines>
				</class>
			</classes>
		</package>
		<package branch-rate="0.07692" complexity="0" line-rate="0.4865" name="venv.lib.python3.6.distutils">
			<classes>
				<class branch-rate="0.07692" complexity="0" filename="venv/lib/python3.6/distutils/__init__.py" line-rate="0.4865" name="__init__.py">
					<methods/>
					<lines>
						<line hits="1" number="1"/>
						<line hits="1" number="2"/>
						<line hits="1" number="3"/>
						<line hits="1" number="4"/>
						<line hits="1" number="5"/>
						<line hits="1" number="9"/>
						<line hits="1" number="11"/>
						<line branch="true" condition-coverage="50% (1/2)" hits="1" missing-branches="13" number="12"/>
						<line hits="0" number="13"/>
						<line hits="1" number="16"/>
						<line hits="1" number="17"/>
						<line hits="1" number="19"/>
						<line hits="1" number="20"/>
						<line hits="1" number="21"/>
						<line hits="1" number="22"/>
						<line hits="1" number="23"/>
						<line hits="1" number="25"/>
						<line hits="1" number="27"/>
						<line hits="1" number="28"/>
						<line hits="1" number="29"/>
						<line hits="1" number="30"/>
						<line branch="true" condition-coverage="50% (1/2)" hits="1" missing-branches="36" number="35"/>
						<line hits="0" number="36"/>
						<line hits="0" number="37"/>
						<line hits="0" number="38"/>
						<line branch="true" condition-coverage="0% (0/2)" hits="0" missing-branches="40,41" number="39"/>
						<line hits="0" number="40"/>
						<line branch="true" condition-coverage="0% (0/2)" hits="0" missing-branches="42,44" number="41"/>
						<line hits="0" number="42"/>
						<line hits="0" number="44"/>
						<line hits="0" number="45"/>
						<line hits="0" number="47"/>
						<line hits="0" number="48"/>
						<line hits="1" number="52"/>
						<line hits="1" number="53"/>
						<line hits="0" number="54"/>
						<line hits="0" number="55"/>
						<line branch="true" condition-coverage="0% (0/2)" hits="0" missing-branches="60,62" number="59"/>
						<line hits="0" number="60"/>
						<line hits="0" number="62"/>
						<line hits="0" number="63"/>
						<line branch="true" condition-coverage="0% (0/2)" hits="0" missing-branches="65,69" number="64"/>
						<line branch="true" condition-coverage="0% (0/2)" hits="0" missing-branches="66,68" number="65"/>
						<line branch="true" condition-coverage="0% (0/2)" hits="0" missing-branches="65,67" number="66"/>
						<line hits="0" number="67"/>
						<line hits="0" number="68"/>
						<line hits="0" number="69"/>
						<line hits="1" number="70"/>
						<line hits="1" number="74"/>
						<line hits="1" number="75"/>
						<line branch="true" condition-coverage="0% (0/2)" hits="0" missing-branches="77,78" number="76"/>
						<line hits="0" number="77"/>
						<line hits="0" number="78"/>
						<line hits="1" number="79"/>
						<line hits="1" number="80"/>
						<line hits="1" number="82"/>
						<line hits="1" number="83"/>
						<line branch="true" condition-coverage="0% (0/2)" hits="0" missing-branches="85,86" number="84"/>
						<line hits="0" number="85"/>
						<line hits="0" number="86"/>
						<line hits="1" number="87"/>
						<line hits="1" number="88"/>
						<line hits="1" number="90"/>
						<line hits="1" number="91"/>
						<line hits="0" number="92"/>
						<line branch="true" condition-coverage="0% (0/2)" hits="0" missing-branches="94,99" number="93"/>
						<line hits="0" number="94"/>
						<line branch="true" condition-coverage="0% (0/2)" hits="0" missing-branches="96,97" number="95"/>
						<line hits="0" number="96"/>
						<line branch="true" condition-coverage="0% (0/2)" hits="0" missing-branches="98,99" number="97"/>
						<line hits="0" number="98"/>
						<line hits="0" number="99"/>
						<line hits="1" number="100"/>
						<line hits="1" number="101"/>
					</lines>
				</class>
			</classes>
		</package>
	</packages>
</coverage>
